<?xml version="1.0" encoding="UTF-8"?>
<testsuite name="com.fangzhou.manatee.web.rest.UserResourceIntTest" tests="2" skipped="0" failures="0" errors="0" timestamp="2016-05-08T01:45:29" hostname="Fangzhous-Mac-mini.local" time="0.09">
  <properties/>
  <testcase name="testGetUnknownUser" classname="com.fangzhou.manatee.web.rest.UserResourceIntTest" time="0.033"/>
  <testcase name="testGetExistingUser" classname="com.fangzhou.manatee.web.rest.UserResourceIntTest" time="0.056"/>
  <system-out><![CDATA[2016-05-07 20:45:29.054 DEBUG 2375 --- [    Test worker] c.f.manatee.web.rest.UserResource        : REST request to get User : unknown
Hibernate: select user0_.id as id1_4_, user0_.created_by as created_2_4_, user0_.created_date as created_3_4_, user0_.last_modified_by as last_mod4_4_, user0_.last_modified_date as last_mod5_4_, user0_.activated as activate6_4_, user0_.activation_key as activati7_4_, user0_.email as email8_4_, user0_.first_name as first_na9_4_, user0_.lang_key as lang_ke10_4_, user0_.last_name as last_na11_4_, user0_.login as login12_4_, user0_.password_hash as passwor13_4_, user0_.reset_date as reset_d14_4_, user0_.reset_key as reset_k15_4_ from jhi_user user0_ where user0_.login=?
2016-05-07 20:45:29.086 DEBUG 2375 --- [    Test worker] c.f.manatee.web.rest.UserResource        : REST request to get User : admin
Hibernate: select user0_.id as id1_4_, user0_.created_by as created_2_4_, user0_.created_date as created_3_4_, user0_.last_modified_by as last_mod4_4_, user0_.last_modified_date as last_mod5_4_, user0_.activated as activate6_4_, user0_.activation_key as activati7_4_, user0_.email as email8_4_, user0_.first_name as first_na9_4_, user0_.lang_key as lang_ke10_4_, user0_.last_name as last_na11_4_, user0_.login as login12_4_, user0_.password_hash as passwor13_4_, user0_.reset_date as reset_d14_4_, user0_.reset_key as reset_k15_4_ from jhi_user user0_ where user0_.login=?
Hibernate: select authoritie0_.user_id as user_id1_4_0_, authoritie0_.authority_name as authorit2_5_0_, authority1_.name as name1_0_1_ from jhi_user_authority authoritie0_ inner join jhi_authority authority1_ on authoritie0_.authority_name=authority1_.name where authoritie0_.user_id=?
]]></system-out>
  <system-err><![CDATA[]]></system-err>
</testsuite>
