<?xml version="1.0" encoding="UTF-8"?>
<testsuite name="com.fangzhou.manatee.security.SecurityUtilsUnitTest" tests="3" skipped="0" failures="0" errors="0" timestamp="2016-05-15T22:09:24" hostname="Fangzhous-Mac-mini.local" time="0.267">
  <properties/>
  <testcase name="testIsAuthenticated" classname="com.fangzhou.manatee.security.SecurityUtilsUnitTest" time="0.235"/>
  <testcase name="testgetCurrentUserLogin" classname="com.fangzhou.manatee.security.SecurityUtilsUnitTest" time="0.023"/>
  <testcase name="testAnonymousIsNotAuthenticated" classname="com.fangzhou.manatee.security.SecurityUtilsUnitTest" time="0.008"/>
  <system-out><![CDATA[]]></system-out>
  <system-err><![CDATA[]]></system-err>
</testsuite>
