<?xml version="1.0" encoding="UTF-8"?>
<testsuite name="com.fangzhou.manatee.security.SecurityUtilsUnitTest" tests="3" skipped="0" failures="0" errors="0" timestamp="2016-05-08T20:01:50" hostname="Fangzhous-Mac-mini.local" time="0.219">
  <properties/>
  <testcase name="testIsAuthenticated" classname="com.fangzhou.manatee.security.SecurityUtilsUnitTest" time="0.187"/>
  <testcase name="testgetCurrentUserLogin" classname="com.fangzhou.manatee.security.SecurityUtilsUnitTest" time="0.026"/>
  <testcase name="testAnonymousIsNotAuthenticated" classname="com.fangzhou.manatee.security.SecurityUtilsUnitTest" time="0.006"/>
  <system-out><![CDATA[]]></system-out>
  <system-err><![CDATA[]]></system-err>
</testsuite>
