<?xml version="1.0" encoding="UTF-8"?>
<testsuite name="com.fangzhou.manatee.service.UserServiceIntTest" tests="7" skipped="0" failures="0" errors="0" timestamp="2016-05-08T20:02:22" hostname="Fangzhous-Mac-mini.local" time="2.783">
  <properties/>
  <testcase name="assertThatOnlyActivatedUserCanRequestPasswordReset" classname="com.fangzhou.manatee.service.UserServiceIntTest" time="1.544"/>
  <testcase name="assertThatUserMustExistToResetPassword" classname="com.fangzhou.manatee.service.UserServiceIntTest" time="0.129"/>
  <testcase name="assertThatResetKeyMustBeValid" classname="com.fangzhou.manatee.service.UserServiceIntTest" time="0.314"/>
  <testcase name="assertThatUserCanResetPassword" classname="com.fangzhou.manatee.service.UserServiceIntTest" time="0.333"/>
  <testcase name="testFindNotActivatedUsersByCreationDateBefore" classname="com.fangzhou.manatee.service.UserServiceIntTest" time="0.085"/>
  <testcase name="testRemoveOldPersistentTokens" classname="com.fangzhou.manatee.service.UserServiceIntTest" time="0.229"/>
  <testcase name="assertThatResetKeyMustNotBeOlderThan24Hours" classname="com.fangzhou.manatee.service.UserServiceIntTest" time="0.14"/>
  <system-out><![CDATA[
        ██  ██    ██  ████████  ███████    ██████  ████████  ████████  ███████
        ██  ██    ██     ██     ██    ██  ██          ██     ██        ██    ██
        ██  ████████     ██     ███████    █████      ██     ██████    ███████
  ██    ██  ██    ██     ██     ██             ██     ██     ██        ██   ██
   ██████   ██    ██  ████████  ██        ██████      ██     ████████  ██    ██

:: JHipster ??  :: Running Spring Boot 1.3.3.RELEASE ::
:: http://jhipster.github.io ::

2016-05-08 15:01:56.186  INFO 3225 --- [    Test worker] c.f.manatee.service.UserServiceIntTest   : Starting UserServiceIntTest on Fangzhous-Mac-mini.local with PID 3225 (/Users/manatee/Documents/Projects/Test/manatee/target/test-classes started by manatee in /Users/manatee/Documents/Projects/Test/manatee)
2016-05-08 15:01:56.199 DEBUG 3225 --- [    Test worker] c.f.manatee.service.UserServiceIntTest   : Running with Spring Boot v1.3.3.RELEASE, Spring v4.2.5.RELEASE
2016-05-08 15:01:56.200  INFO 3225 --- [    Test worker] c.f.manatee.service.UserServiceIntTest   : No active profile set, falling back to default profiles: default
2016-05-08 15:02:03.290 DEBUG 3225 --- [    Test worker] c.f.manatee.config.AsyncConfiguration    : Creating Async Task Executor
2016-05-08 15:02:03.793 DEBUG 3225 --- [    Test worker] c.f.manatee.config.MetricsConfiguration  : Registering JVM gauges
2016-05-08 15:02:03.849 DEBUG 3225 --- [    Test worker] c.f.manatee.config.MetricsConfiguration  : Initializing Metrics JMX reporting
2016-05-08 15:02:05.981  INFO 3225 --- [ost-startStop-1] c.fangzhou.manatee.config.WebConfigurer  : Web application configuration, using profiles: []
2016-05-08 15:02:05.994 DEBUG 3225 --- [ost-startStop-1] c.fangzhou.manatee.config.WebConfigurer  : Initializing Metrics registries
2016-05-08 15:02:06.014 DEBUG 3225 --- [ost-startStop-1] c.fangzhou.manatee.config.WebConfigurer  : Registering Metrics Filter
2016-05-08 15:02:06.014 DEBUG 3225 --- [ost-startStop-1] c.fangzhou.manatee.config.WebConfigurer  : Registering Metrics Servlet
2016-05-08 15:02:06.017  INFO 3225 --- [ost-startStop-1] c.fangzhou.manatee.config.WebConfigurer  : Web application fully configured
2016-05-08 15:02:06.728 DEBUG 3225 --- [ost-startStop-1] c.f.m.config.DatabaseConfiguration       : Configuring Datasource
2016-05-08 15:02:07.165 DEBUG 3225 --- [ost-startStop-1] c.f.m.config.DatabaseConfiguration       : Configuring Liquibase
2016-05-08 15:02:07.189 DEBUG 3225 --- [ost-startStop-1] c.f.m.c.liquibase.AsyncSpringLiquibase   : Starting Liquibase synchronously
2016-05-08 15:02:10.420 DEBUG 3225 --- [ost-startStop-1] c.f.m.c.liquibase.AsyncSpringLiquibase   : Started Liquibase in 3229 ms
2016-05-08 15:02:15.072  WARN 3225 --- [ost-startStop-1] com.fangzhou.manatee.ManateeApp          : No Spring profile configured, running with default configuration
2016-05-08 15:02:17.626 DEBUG 3225 --- [    Test worker] c.f.manatee.config.CacheConfiguration    : Starting Ehcache
2016-05-08 15:02:18.499 DEBUG 3225 --- [    Test worker] c.f.manatee.config.CacheConfiguration    : Registering Ehcache Metrics gauges
2016-05-08 15:02:22.051  INFO 3225 --- [    Test worker] c.f.manatee.service.UserServiceIntTest   : Started UserServiceIntTest in 29.548 seconds (JVM running for 33.692)
Hibernate: select authority0_.name as name1_0_0_ from jhi_authority authority0_ where authority0_.name=?
Hibernate: insert into jhi_user (id, created_by, created_date, last_modified_by, last_modified_date, activated, activation_key, email, first_name, lang_key, last_name, login, password_hash, reset_date, reset_key) values (null, ?, ?, ?, ?, ?, ?, ?, ?, ?, ?, ?, ?, ?, ?)
2016-05-08 15:02:23.222 DEBUG 3225 --- [atee-Executor-1] c.f.m.c.a.AsyncEntityAuditEventWriter    : -------------- Post CREATE audit  --------------
2016-05-08 15:02:23.249 DEBUG 3225 --- [    Test worker] c.fangzhou.manatee.service.UserService   : Created Information for User: User{login='johndoe', firstName='John', lastName='Doe', email='john.doe@localhost', activated='false', langKey='en-US', activationKey='26818451195469673023'}
Hibernate: select user0_.id as id1_5_, user0_.created_by as created_2_5_, user0_.created_date as created_3_5_, user0_.last_modified_by as last_mod4_5_, user0_.last_modified_date as last_mod5_5_, user0_.activated as activate6_5_, user0_.activation_key as activati7_5_, user0_.email as email8_5_, user0_.first_name as first_na9_5_, user0_.lang_key as lang_ke10_5_, user0_.last_name as last_na11_5_, user0_.login as login12_5_, user0_.password_hash as passwor13_5_, user0_.reset_date as reset_d14_5_, user0_.reset_key as reset_k15_5_ from jhi_user user0_ where user0_.email=?
Hibernate: select user0_.id as id1_5_, user0_.created_by as created_2_5_, user0_.created_date as created_3_5_, user0_.last_modified_by as last_mod4_5_, user0_.last_modified_date as last_mod5_5_, user0_.activated as activate6_5_, user0_.activation_key as activati7_5_, user0_.email as email8_5_, user0_.first_name as first_na9_5_, user0_.lang_key as lang_ke10_5_, user0_.last_name as last_na11_5_, user0_.login as login12_5_, user0_.password_hash as passwor13_5_, user0_.reset_date as reset_d14_5_, user0_.reset_key as reset_k15_5_ from jhi_user user0_ where user0_.email=?
Hibernate: select user0_.id as id1_5_, user0_.created_by as created_2_5_, user0_.created_date as created_3_5_, user0_.last_modified_by as last_mod4_5_, user0_.last_modified_date as last_mod5_5_, user0_.activated as activate6_5_, user0_.activation_key as activati7_5_, user0_.email as email8_5_, user0_.first_name as first_na9_5_, user0_.lang_key as lang_ke10_5_, user0_.last_name as last_na11_5_, user0_.login as login12_5_, user0_.password_hash as passwor13_5_, user0_.reset_date as reset_d14_5_, user0_.reset_key as reset_k15_5_ from jhi_user user0_ where user0_.email=?
Hibernate: select authority0_.name as name1_0_0_ from jhi_authority authority0_ where authority0_.name=?
Hibernate: insert into jhi_user (id, created_by, created_date, last_modified_by, last_modified_date, activated, activation_key, email, first_name, lang_key, last_name, login, password_hash, reset_date, reset_key) values (null, ?, ?, ?, ?, ?, ?, ?, ?, ?, ?, ?, ?, ?, ?)
2016-05-08 15:02:23.942 DEBUG 3225 --- [atee-Executor-2] c.f.m.c.a.AsyncEntityAuditEventWriter    : -------------- Post CREATE audit  --------------
2016-05-08 15:02:23.944 DEBUG 3225 --- [    Test worker] c.fangzhou.manatee.service.UserService   : Created Information for User: User{login='johndoe', firstName='John', lastName='Doe', email='john.doe@localhost', activated='false', langKey='en-US', activationKey='49149026698340992521'}
Hibernate: insert into jhi_entity_audit_event (id, action, commit_version, entity_id, entity_type, entity_value, modified_by, modified_date) values (null, ?, ?, ?, ?, ?, ?, ?)
2016-05-08 15:02:23.953 DEBUG 3225 --- [    Test worker] c.fangzhou.manatee.service.UserService   : Reset user password for reset key 1234
Hibernate: insert into jhi_entity_audit_event (id, action, commit_version, entity_id, entity_type, entity_value, modified_by, modified_date) values (null, ?, ?, ?, ?, ?, ?, ?)
Hibernate: update jhi_user set created_date=?, last_modified_by=?, last_modified_date=?, activated=?, activation_key=?, email=?, first_name=?, lang_key=?, last_name=?, login=?, password_hash=?, reset_date=?, reset_key=? where id=?
Hibernate: insert into jhi_user_authority (user_id, authority_name) values (?, ?)
2016-05-08 15:02:24.069 DEBUG 3225 --- [atee-Executor-2] c.f.m.c.a.AsyncEntityAuditEventWriter    : -------------- Post UPDATE audit  --------------
Hibernate: select max(entityaudi0_.commit_version) as col_0_0_ from jhi_entity_audit_event entityaudi0_ where entityaudi0_.entity_type=? and entityaudi0_.entity_id=?
Hibernate: select user0_.id as id1_5_, user0_.created_by as created_2_5_, user0_.created_date as created_3_5_, user0_.last_modified_by as last_mod4_5_, user0_.last_modified_date as last_mod5_5_, user0_.activated as activate6_5_, user0_.activation_key as activati7_5_, user0_.email as email8_5_, user0_.first_name as first_na9_5_, user0_.lang_key as lang_ke10_5_, user0_.last_name as last_na11_5_, user0_.login as login12_5_, user0_.password_hash as passwor13_5_, user0_.reset_date as reset_d14_5_, user0_.reset_key as reset_k15_5_ from jhi_user user0_ where user0_.reset_key=?
Hibernate: insert into jhi_entity_audit_event (id, action, commit_version, entity_id, entity_type, entity_value, modified_by, modified_date) values (null, ?, ?, ?, ?, ?, ?, ?)
Hibernate: select authority0_.name as name1_0_0_ from jhi_authority authority0_ where authority0_.name=?
Hibernate: insert into jhi_user (id, created_by, created_date, last_modified_by, last_modified_date, activated, activation_key, email, first_name, lang_key, last_name, login, password_hash, reset_date, reset_key) values (null, ?, ?, ?, ?, ?, ?, ?, ?, ?, ?, ?, ?, ?, ?)
2016-05-08 15:02:24.245 DEBUG 3225 --- [atee-Executor-1] c.f.m.c.a.AsyncEntityAuditEventWriter    : -------------- Post CREATE audit  --------------
2016-05-08 15:02:24.245 DEBUG 3225 --- [    Test worker] c.fangzhou.manatee.service.UserService   : Created Information for User: User{login='johndoe', firstName='John', lastName='Doe', email='john.doe@localhost', activated='false', langKey='en-US', activationKey='54311983139281961744'}
2016-05-08 15:02:24.247 DEBUG 3225 --- [    Test worker] c.fangzhou.manatee.service.UserService   : Reset user password for reset key 09178392661050874462
Hibernate: insert into jhi_entity_audit_event (id, action, commit_version, entity_id, entity_type, entity_value, modified_by, modified_date) values (null, ?, ?, ?, ?, ?, ?, ?)
Hibernate: update jhi_user set created_date=?, last_modified_by=?, last_modified_date=?, activated=?, activation_key=?, email=?, first_name=?, lang_key=?, last_name=?, login=?, password_hash=?, reset_date=?, reset_key=? where id=?
Hibernate: insert into jhi_user_authority (user_id, authority_name) values (?, ?)
2016-05-08 15:02:24.260 DEBUG 3225 --- [atee-Executor-2] c.f.m.c.a.AsyncEntityAuditEventWriter    : -------------- Post UPDATE audit  --------------
Hibernate: select user0_.id as id1_5_, user0_.created_by as created_2_5_, user0_.created_date as created_3_5_, user0_.last_modified_by as last_mod4_5_, user0_.last_modified_date as last_mod5_5_, user0_.activated as activate6_5_, user0_.activation_key as activati7_5_, user0_.email as email8_5_, user0_.first_name as first_na9_5_, user0_.lang_key as lang_ke10_5_, user0_.last_name as last_na11_5_, user0_.login as login12_5_, user0_.password_hash as passwor13_5_, user0_.reset_date as reset_d14_5_, user0_.reset_key as reset_k15_5_ from jhi_user user0_ where user0_.reset_key=?
Hibernate: select max(entityaudi0_.commit_version) as col_0_0_ from jhi_entity_audit_event entityaudi0_ where entityaudi0_.entity_type=? and entityaudi0_.entity_id=?
Hibernate: insert into jhi_entity_audit_event (id, action, commit_version, entity_id, entity_type, entity_value, modified_by, modified_date) values (null, ?, ?, ?, ?, ?, ?, ?)
Hibernate: select user0_.id as id1_5_, user0_.created_by as created_2_5_, user0_.created_date as created_3_5_, user0_.last_modified_by as last_mod4_5_, user0_.last_modified_date as last_mod5_5_, user0_.activated as activate6_5_, user0_.activation_key as activati7_5_, user0_.email as email8_5_, user0_.first_name as first_na9_5_, user0_.lang_key as lang_ke10_5_, user0_.last_name as last_na11_5_, user0_.login as login12_5_, user0_.password_hash as passwor13_5_, user0_.reset_date as reset_d14_5_, user0_.reset_key as reset_k15_5_ from jhi_user user0_ where user0_.activated=0 and user0_.created_date<?
Hibernate: select user0_.id as id1_5_, user0_.created_by as created_2_5_, user0_.created_date as created_3_5_, user0_.last_modified_by as last_mod4_5_, user0_.last_modified_date as last_mod5_5_, user0_.activated as activate6_5_, user0_.activation_key as activati7_5_, user0_.email as email8_5_, user0_.first_name as first_na9_5_, user0_.lang_key as lang_ke10_5_, user0_.last_name as last_na11_5_, user0_.login as login12_5_, user0_.password_hash as passwor13_5_, user0_.reset_date as reset_d14_5_, user0_.reset_key as reset_k15_5_ from jhi_user user0_ where user0_.activated=0 and user0_.created_date<?
Hibernate: select user0_.id as id1_5_, user0_.created_by as created_2_5_, user0_.created_date as created_3_5_, user0_.last_modified_by as last_mod4_5_, user0_.last_modified_date as last_mod5_5_, user0_.activated as activate6_5_, user0_.activation_key as activati7_5_, user0_.email as email8_5_, user0_.first_name as first_na9_5_, user0_.lang_key as lang_ke10_5_, user0_.last_name as last_na11_5_, user0_.login as login12_5_, user0_.password_hash as passwor13_5_, user0_.reset_date as reset_d14_5_, user0_.reset_key as reset_k15_5_ from jhi_user user0_ where user0_.login=?
Hibernate: select persistent0_.series as series1_4_, persistent0_.ip_address as ip_addre2_4_, persistent0_.token_date as token_da3_4_, persistent0_.token_value as token_va4_4_, persistent0_.user_id as user_id6_4_, persistent0_.user_agent as user_age5_4_ from jhi_persistent_token persistent0_ left outer join jhi_user user1_ on persistent0_.user_id=user1_.id where user1_.id=?
Hibernate: select persistent0_.series as series1_4_0_, persistent0_.ip_address as ip_addre2_4_0_, persistent0_.token_date as token_da3_4_0_, persistent0_.token_value as token_va4_4_0_, persistent0_.user_id as user_id6_4_0_, persistent0_.user_agent as user_age5_4_0_ from jhi_persistent_token persistent0_ where persistent0_.series=?
Hibernate: insert into jhi_persistent_token (ip_address, token_date, token_value, user_id, user_agent, series) values (?, ?, ?, ?, ?, ?)
Hibernate: select persistent0_.series as series1_4_0_, persistent0_.ip_address as ip_addre2_4_0_, persistent0_.token_date as token_da3_4_0_, persistent0_.token_value as token_va4_4_0_, persistent0_.user_id as user_id6_4_0_, persistent0_.user_agent as user_age5_4_0_ from jhi_persistent_token persistent0_ where persistent0_.series=?
Hibernate: insert into jhi_persistent_token (ip_address, token_date, token_value, user_id, user_agent, series) values (?, ?, ?, ?, ?, ?)
Hibernate: select persistent0_.series as series1_4_, persistent0_.ip_address as ip_addre2_4_, persistent0_.token_date as token_da3_4_, persistent0_.token_value as token_va4_4_, persistent0_.user_id as user_id6_4_, persistent0_.user_agent as user_age5_4_ from jhi_persistent_token persistent0_ left outer join jhi_user user1_ on persistent0_.user_id=user1_.id where user1_.id=?
Hibernate: select persistent0_.series as series1_4_, persistent0_.ip_address as ip_addre2_4_, persistent0_.token_date as token_da3_4_, persistent0_.token_value as token_va4_4_, persistent0_.user_id as user_id6_4_, persistent0_.user_agent as user_age5_4_ from jhi_persistent_token persistent0_ where persistent0_.token_date<?
2016-05-08 15:02:24.641 DEBUG 3225 --- [    Test worker] c.fangzhou.manatee.service.UserService   : Deleting token 2222-2222
Hibernate: select persistent0_.user_id as user_id6_5_0_, persistent0_.series as series1_4_0_, persistent0_.series as series1_4_1_, persistent0_.ip_address as ip_addre2_4_1_, persistent0_.token_date as token_da3_4_1_, persistent0_.token_value as token_va4_4_1_, persistent0_.user_id as user_id6_4_1_, persistent0_.user_agent as user_age5_4_1_ from jhi_persistent_token persistent0_ where persistent0_.user_id=?
Hibernate: delete from jhi_persistent_token where series=?
Hibernate: select persistent0_.series as series1_4_, persistent0_.ip_address as ip_addre2_4_, persistent0_.token_date as token_da3_4_, persistent0_.token_value as token_va4_4_, persistent0_.user_id as user_id6_4_, persistent0_.user_agent as user_age5_4_ from jhi_persistent_token persistent0_ left outer join jhi_user user1_ on persistent0_.user_id=user1_.id where user1_.id=?
Hibernate: select authority0_.name as name1_0_0_ from jhi_authority authority0_ where authority0_.name=?
Hibernate: insert into jhi_user (id, created_by, created_date, last_modified_by, last_modified_date, activated, activation_key, email, first_name, lang_key, last_name, login, password_hash, reset_date, reset_key) values (null, ?, ?, ?, ?, ?, ?, ?, ?, ?, ?, ?, ?, ?, ?)
2016-05-08 15:02:24.873 DEBUG 3225 --- [atee-Executor-1] c.f.m.c.a.AsyncEntityAuditEventWriter    : -------------- Post CREATE audit  --------------
2016-05-08 15:02:24.873 DEBUG 3225 --- [    Test worker] c.fangzhou.manatee.service.UserService   : Created Information for User: User{login='johndoe', firstName='John', lastName='Doe', email='john.doe@localhost', activated='false', langKey='en-US', activationKey='14549293033903773501'}
2016-05-08 15:02:24.875 DEBUG 3225 --- [    Test worker] c.fangzhou.manatee.service.UserService   : Reset user password for reset key 49531095197334536828
Hibernate: insert into jhi_entity_audit_event (id, action, commit_version, entity_id, entity_type, entity_value, modified_by, modified_date) values (null, ?, ?, ?, ?, ?, ?, ?)
Hibernate: update jhi_user set created_date=?, last_modified_by=?, last_modified_date=?, activated=?, activation_key=?, email=?, first_name=?, lang_key=?, last_name=?, login=?, password_hash=?, reset_date=?, reset_key=? where id=?
Hibernate: insert into jhi_user_authority (user_id, authority_name) values (?, ?)
2016-05-08 15:02:24.883 DEBUG 3225 --- [atee-Executor-2] c.f.m.c.a.AsyncEntityAuditEventWriter    : -------------- Post UPDATE audit  --------------
Hibernate: select user0_.id as id1_5_, user0_.created_by as created_2_5_, user0_.created_date as created_3_5_, user0_.last_modified_by as last_mod4_5_, user0_.last_modified_date as last_mod5_5_, user0_.activated as activate6_5_, user0_.activation_key as activati7_5_, user0_.email as email8_5_, user0_.first_name as first_na9_5_, user0_.lang_key as lang_ke10_5_, user0_.last_name as last_na11_5_, user0_.login as login12_5_, user0_.password_hash as passwor13_5_, user0_.reset_date as reset_d14_5_, user0_.reset_key as reset_k15_5_ from jhi_user user0_ where user0_.reset_key=?
Hibernate: select max(entityaudi0_.commit_version) as col_0_0_ from jhi_entity_audit_event entityaudi0_ where entityaudi0_.entity_type=? and entityaudi0_.entity_id=?
Hibernate: insert into jhi_entity_audit_event (id, action, commit_version, entity_id, entity_type, entity_value, modified_by, modified_date) values (null, ?, ?, ?, ?, ?, ?, ?)
]]></system-out>
  <system-err><![CDATA[]]></system-err>
</testsuite>
