<?xml version="1.0" encoding="UTF-8"?>
<testsuite name="com.fangzhou.manatee.service.UserServiceIntTest" tests="7" skipped="0" failures="0" errors="0" timestamp="2016-05-08T01:45:24" hostname="Fangzhous-Mac-mini.local" time="1.632">
  <properties/>
  <testcase name="assertThatOnlyActivatedUserCanRequestPasswordReset" classname="com.fangzhou.manatee.service.UserServiceIntTest" time="0.816"/>
  <testcase name="assertThatUserMustExistToResetPassword" classname="com.fangzhou.manatee.service.UserServiceIntTest" time="0.027"/>
  <testcase name="assertThatResetKeyMustBeValid" classname="com.fangzhou.manatee.service.UserServiceIntTest" time="0.202"/>
  <testcase name="assertThatUserCanResetPassword" classname="com.fangzhou.manatee.service.UserServiceIntTest" time="0.296"/>
  <testcase name="testFindNotActivatedUsersByCreationDateBefore" classname="com.fangzhou.manatee.service.UserServiceIntTest" time="0.039"/>
  <testcase name="testRemoveOldPersistentTokens" classname="com.fangzhou.manatee.service.UserServiceIntTest" time="0.115"/>
  <testcase name="assertThatResetKeyMustNotBeOlderThan24Hours" classname="com.fangzhou.manatee.service.UserServiceIntTest" time="0.127"/>
  <system-out><![CDATA[
        ██  ██    ██  ████████  ███████    ██████  ████████  ████████  ███████
        ██  ██    ██     ██     ██    ██  ██          ██     ██        ██    ██
        ██  ████████     ██     ███████    █████      ██     ██████    ███████
  ██    ██  ██    ██     ██     ██             ██     ██     ██        ██   ██
   ██████   ██    ██  ████████  ██        ██████      ██     ████████  ██    ██

:: JHipster ??  :: Running Spring Boot 1.3.3.RELEASE ::
:: http://jhipster.github.io ::

2016-05-07 20:45:06.367  INFO 2375 --- [    Test worker] c.f.manatee.service.UserServiceIntTest   : Starting UserServiceIntTest on Fangzhous-Mac-mini.local with PID 2375 (/Users/manatee/Documents/Projects/Test/manatee/target/test-classes started by manatee in /Users/manatee/Documents/Projects/Test/manatee)
2016-05-07 20:45:06.396 DEBUG 2375 --- [    Test worker] c.f.manatee.service.UserServiceIntTest   : Running with Spring Boot v1.3.3.RELEASE, Spring v4.2.5.RELEASE
2016-05-07 20:45:06.397  INFO 2375 --- [    Test worker] c.f.manatee.service.UserServiceIntTest   : No active profile set, falling back to default profiles: default
2016-05-07 20:45:11.263 DEBUG 2375 --- [    Test worker] c.f.manatee.config.AsyncConfiguration    : Creating Async Task Executor
2016-05-07 20:45:11.696 DEBUG 2375 --- [    Test worker] c.f.manatee.config.MetricsConfiguration  : Registering JVM gauges
2016-05-07 20:45:11.724 DEBUG 2375 --- [    Test worker] c.f.manatee.config.MetricsConfiguration  : Initializing Metrics JMX reporting
2016-05-07 20:45:13.781  INFO 2375 --- [ost-startStop-1] c.fangzhou.manatee.config.WebConfigurer  : Web application configuration, using profiles: []
2016-05-07 20:45:13.786 DEBUG 2375 --- [ost-startStop-1] c.fangzhou.manatee.config.WebConfigurer  : Initializing Metrics registries
2016-05-07 20:45:13.792 DEBUG 2375 --- [ost-startStop-1] c.fangzhou.manatee.config.WebConfigurer  : Registering Metrics Filter
2016-05-07 20:45:13.793 DEBUG 2375 --- [ost-startStop-1] c.fangzhou.manatee.config.WebConfigurer  : Registering Metrics Servlet
2016-05-07 20:45:13.797  INFO 2375 --- [ost-startStop-1] c.fangzhou.manatee.config.WebConfigurer  : Web application fully configured
2016-05-07 20:45:14.411 DEBUG 2375 --- [ost-startStop-1] c.f.m.config.DatabaseConfiguration       : Configuring Datasource
2016-05-07 20:45:14.754 DEBUG 2375 --- [ost-startStop-1] c.f.m.config.DatabaseConfiguration       : Configuring Liquibase
2016-05-07 20:45:14.778 DEBUG 2375 --- [ost-startStop-1] c.f.m.c.liquibase.AsyncSpringLiquibase   : Starting Liquibase synchronously
2016-05-07 20:45:17.649 DEBUG 2375 --- [ost-startStop-1] c.f.m.c.liquibase.AsyncSpringLiquibase   : Started Liquibase in 2870 ms
2016-05-07 20:45:20.831  WARN 2375 --- [ost-startStop-1] com.fangzhou.manatee.ManateeApp          : No Spring profile configured, running with default configuration
2016-05-07 20:45:22.220 DEBUG 2375 --- [    Test worker] c.f.manatee.config.CacheConfiguration    : Starting Ehcache
2016-05-07 20:45:22.833 DEBUG 2375 --- [    Test worker] c.f.manatee.config.CacheConfiguration    : Registering Ehcache Metrics gauges
2016-05-07 20:45:24.901  INFO 2375 --- [    Test worker] c.f.manatee.service.UserServiceIntTest   : Started UserServiceIntTest in 21.446 seconds (JVM running for 24.407)
Hibernate: select authority0_.name as name1_0_0_ from jhi_authority authority0_ where authority0_.name=?
Hibernate: insert into jhi_user (id, created_by, created_date, last_modified_by, last_modified_date, activated, activation_key, email, first_name, lang_key, last_name, login, password_hash, reset_date, reset_key) values (null, ?, ?, ?, ?, ?, ?, ?, ?, ?, ?, ?, ?, ?, ?)
2016-05-07 20:45:25.386 DEBUG 2375 --- [    Test worker] c.fangzhou.manatee.service.UserService   : Created Information for User: User{login='johndoe', firstName='John', lastName='Doe', email='john.doe@localhost', activated='false', langKey='en-US', activationKey='56367199479666152657'}
Hibernate: select user0_.id as id1_4_, user0_.created_by as created_2_4_, user0_.created_date as created_3_4_, user0_.last_modified_by as last_mod4_4_, user0_.last_modified_date as last_mod5_4_, user0_.activated as activate6_4_, user0_.activation_key as activati7_4_, user0_.email as email8_4_, user0_.first_name as first_na9_4_, user0_.lang_key as lang_ke10_4_, user0_.last_name as last_na11_4_, user0_.login as login12_4_, user0_.password_hash as passwor13_4_, user0_.reset_date as reset_d14_4_, user0_.reset_key as reset_k15_4_ from jhi_user user0_ where user0_.email=?
Hibernate: select user0_.id as id1_4_, user0_.created_by as created_2_4_, user0_.created_date as created_3_4_, user0_.last_modified_by as last_mod4_4_, user0_.last_modified_date as last_mod5_4_, user0_.activated as activate6_4_, user0_.activation_key as activati7_4_, user0_.email as email8_4_, user0_.first_name as first_na9_4_, user0_.lang_key as lang_ke10_4_, user0_.last_name as last_na11_4_, user0_.login as login12_4_, user0_.password_hash as passwor13_4_, user0_.reset_date as reset_d14_4_, user0_.reset_key as reset_k15_4_ from jhi_user user0_ where user0_.email=?
Hibernate: select user0_.id as id1_4_, user0_.created_by as created_2_4_, user0_.created_date as created_3_4_, user0_.last_modified_by as last_mod4_4_, user0_.last_modified_date as last_mod5_4_, user0_.activated as activate6_4_, user0_.activation_key as activati7_4_, user0_.email as email8_4_, user0_.first_name as first_na9_4_, user0_.lang_key as lang_ke10_4_, user0_.last_name as last_na11_4_, user0_.login as login12_4_, user0_.password_hash as passwor13_4_, user0_.reset_date as reset_d14_4_, user0_.reset_key as reset_k15_4_ from jhi_user user0_ where user0_.email=?
Hibernate: select authority0_.name as name1_0_0_ from jhi_authority authority0_ where authority0_.name=?
Hibernate: insert into jhi_user (id, created_by, created_date, last_modified_by, last_modified_date, activated, activation_key, email, first_name, lang_key, last_name, login, password_hash, reset_date, reset_key) values (null, ?, ?, ?, ?, ?, ?, ?, ?, ?, ?, ?, ?, ?, ?)
2016-05-07 20:45:25.915 DEBUG 2375 --- [    Test worker] c.fangzhou.manatee.service.UserService   : Created Information for User: User{login='johndoe', firstName='John', lastName='Doe', email='john.doe@localhost', activated='false', langKey='en-US', activationKey='43800795622978795487'}
2016-05-07 20:45:25.918 DEBUG 2375 --- [    Test worker] c.fangzhou.manatee.service.UserService   : Reset user password for reset key 1234
Hibernate: update jhi_user set created_date=?, last_modified_by=?, last_modified_date=?, activated=?, activation_key=?, email=?, first_name=?, lang_key=?, last_name=?, login=?, password_hash=?, reset_date=?, reset_key=? where id=?
Hibernate: insert into jhi_user_authority (user_id, authority_name) values (?, ?)
Hibernate: select user0_.id as id1_4_, user0_.created_by as created_2_4_, user0_.created_date as created_3_4_, user0_.last_modified_by as last_mod4_4_, user0_.last_modified_date as last_mod5_4_, user0_.activated as activate6_4_, user0_.activation_key as activati7_4_, user0_.email as email8_4_, user0_.first_name as first_na9_4_, user0_.lang_key as lang_ke10_4_, user0_.last_name as last_na11_4_, user0_.login as login12_4_, user0_.password_hash as passwor13_4_, user0_.reset_date as reset_d14_4_, user0_.reset_key as reset_k15_4_ from jhi_user user0_ where user0_.reset_key=?
Hibernate: select authority0_.name as name1_0_0_ from jhi_authority authority0_ where authority0_.name=?
Hibernate: insert into jhi_user (id, created_by, created_date, last_modified_by, last_modified_date, activated, activation_key, email, first_name, lang_key, last_name, login, password_hash, reset_date, reset_key) values (null, ?, ?, ?, ?, ?, ?, ?, ?, ?, ?, ?, ?, ?, ?)
2016-05-07 20:45:26.116 DEBUG 2375 --- [    Test worker] c.fangzhou.manatee.service.UserService   : Created Information for User: User{login='johndoe', firstName='John', lastName='Doe', email='john.doe@localhost', activated='false', langKey='en-US', activationKey='44545650997109598587'}
2016-05-07 20:45:26.117 DEBUG 2375 --- [    Test worker] c.fangzhou.manatee.service.UserService   : Reset user password for reset key 36824882307823972994
Hibernate: update jhi_user set created_date=?, last_modified_by=?, last_modified_date=?, activated=?, activation_key=?, email=?, first_name=?, lang_key=?, last_name=?, login=?, password_hash=?, reset_date=?, reset_key=? where id=?
Hibernate: insert into jhi_user_authority (user_id, authority_name) values (?, ?)
Hibernate: select user0_.id as id1_4_, user0_.created_by as created_2_4_, user0_.created_date as created_3_4_, user0_.last_modified_by as last_mod4_4_, user0_.last_modified_date as last_mod5_4_, user0_.activated as activate6_4_, user0_.activation_key as activati7_4_, user0_.email as email8_4_, user0_.first_name as first_na9_4_, user0_.lang_key as lang_ke10_4_, user0_.last_name as last_na11_4_, user0_.login as login12_4_, user0_.password_hash as passwor13_4_, user0_.reset_date as reset_d14_4_, user0_.reset_key as reset_k15_4_ from jhi_user user0_ where user0_.reset_key=?
Hibernate: select user0_.id as id1_4_, user0_.created_by as created_2_4_, user0_.created_date as created_3_4_, user0_.last_modified_by as last_mod4_4_, user0_.last_modified_date as last_mod5_4_, user0_.activated as activate6_4_, user0_.activation_key as activati7_4_, user0_.email as email8_4_, user0_.first_name as first_na9_4_, user0_.lang_key as lang_ke10_4_, user0_.last_name as last_na11_4_, user0_.login as login12_4_, user0_.password_hash as passwor13_4_, user0_.reset_date as reset_d14_4_, user0_.reset_key as reset_k15_4_ from jhi_user user0_ where user0_.activated=0 and user0_.created_date<?
Hibernate: select user0_.id as id1_4_, user0_.created_by as created_2_4_, user0_.created_date as created_3_4_, user0_.last_modified_by as last_mod4_4_, user0_.last_modified_date as last_mod5_4_, user0_.activated as activate6_4_, user0_.activation_key as activati7_4_, user0_.email as email8_4_, user0_.first_name as first_na9_4_, user0_.lang_key as lang_ke10_4_, user0_.last_name as last_na11_4_, user0_.login as login12_4_, user0_.password_hash as passwor13_4_, user0_.reset_date as reset_d14_4_, user0_.reset_key as reset_k15_4_ from jhi_user user0_ where user0_.activated=0 and user0_.created_date<?
Hibernate: select user0_.id as id1_4_, user0_.created_by as created_2_4_, user0_.created_date as created_3_4_, user0_.last_modified_by as last_mod4_4_, user0_.last_modified_date as last_mod5_4_, user0_.activated as activate6_4_, user0_.activation_key as activati7_4_, user0_.email as email8_4_, user0_.first_name as first_na9_4_, user0_.lang_key as lang_ke10_4_, user0_.last_name as last_na11_4_, user0_.login as login12_4_, user0_.password_hash as passwor13_4_, user0_.reset_date as reset_d14_4_, user0_.reset_key as reset_k15_4_ from jhi_user user0_ where user0_.login=?
Hibernate: select persistent0_.series as series1_3_, persistent0_.ip_address as ip_addre2_3_, persistent0_.token_date as token_da3_3_, persistent0_.token_value as token_va4_3_, persistent0_.user_id as user_id6_3_, persistent0_.user_agent as user_age5_3_ from jhi_persistent_token persistent0_ left outer join jhi_user user1_ on persistent0_.user_id=user1_.id where user1_.id=?
Hibernate: select persistent0_.series as series1_3_0_, persistent0_.ip_address as ip_addre2_3_0_, persistent0_.token_date as token_da3_3_0_, persistent0_.token_value as token_va4_3_0_, persistent0_.user_id as user_id6_3_0_, persistent0_.user_agent as user_age5_3_0_ from jhi_persistent_token persistent0_ where persistent0_.series=?
Hibernate: insert into jhi_persistent_token (ip_address, token_date, token_value, user_id, user_agent, series) values (?, ?, ?, ?, ?, ?)
Hibernate: select persistent0_.series as series1_3_0_, persistent0_.ip_address as ip_addre2_3_0_, persistent0_.token_date as token_da3_3_0_, persistent0_.token_value as token_va4_3_0_, persistent0_.user_id as user_id6_3_0_, persistent0_.user_agent as user_age5_3_0_ from jhi_persistent_token persistent0_ where persistent0_.series=?
Hibernate: insert into jhi_persistent_token (ip_address, token_date, token_value, user_id, user_agent, series) values (?, ?, ?, ?, ?, ?)
Hibernate: select persistent0_.series as series1_3_, persistent0_.ip_address as ip_addre2_3_, persistent0_.token_date as token_da3_3_, persistent0_.token_value as token_va4_3_, persistent0_.user_id as user_id6_3_, persistent0_.user_agent as user_age5_3_ from jhi_persistent_token persistent0_ left outer join jhi_user user1_ on persistent0_.user_id=user1_.id where user1_.id=?
Hibernate: select persistent0_.series as series1_3_, persistent0_.ip_address as ip_addre2_3_, persistent0_.token_date as token_da3_3_, persistent0_.token_value as token_va4_3_, persistent0_.user_id as user_id6_3_, persistent0_.user_agent as user_age5_3_ from jhi_persistent_token persistent0_ where persistent0_.token_date<?
2016-05-07 20:45:26.416 DEBUG 2375 --- [    Test worker] c.fangzhou.manatee.service.UserService   : Deleting token 2222-2222
Hibernate: select persistent0_.user_id as user_id6_4_0_, persistent0_.series as series1_3_0_, persistent0_.series as series1_3_1_, persistent0_.ip_address as ip_addre2_3_1_, persistent0_.token_date as token_da3_3_1_, persistent0_.token_value as token_va4_3_1_, persistent0_.user_id as user_id6_3_1_, persistent0_.user_agent as user_age5_3_1_ from jhi_persistent_token persistent0_ where persistent0_.user_id=?
Hibernate: delete from jhi_persistent_token where series=?
Hibernate: select persistent0_.series as series1_3_, persistent0_.ip_address as ip_addre2_3_, persistent0_.token_date as token_da3_3_, persistent0_.token_value as token_va4_3_, persistent0_.user_id as user_id6_3_, persistent0_.user_agent as user_age5_3_ from jhi_persistent_token persistent0_ left outer join jhi_user user1_ on persistent0_.user_id=user1_.id where user1_.id=?
Hibernate: select authority0_.name as name1_0_0_ from jhi_authority authority0_ where authority0_.name=?
Hibernate: insert into jhi_user (id, created_by, created_date, last_modified_by, last_modified_date, activated, activation_key, email, first_name, lang_key, last_name, login, password_hash, reset_date, reset_key) values (null, ?, ?, ?, ?, ?, ?, ?, ?, ?, ?, ?, ?, ?, ?)
2016-05-07 20:45:26.547 DEBUG 2375 --- [    Test worker] c.fangzhou.manatee.service.UserService   : Created Information for User: User{login='johndoe', firstName='John', lastName='Doe', email='john.doe@localhost', activated='false', langKey='en-US', activationKey='55485368673388019795'}
2016-05-07 20:45:26.548 DEBUG 2375 --- [    Test worker] c.fangzhou.manatee.service.UserService   : Reset user password for reset key 03156501124739383264
Hibernate: update jhi_user set created_date=?, last_modified_by=?, last_modified_date=?, activated=?, activation_key=?, email=?, first_name=?, lang_key=?, last_name=?, login=?, password_hash=?, reset_date=?, reset_key=? where id=?
Hibernate: insert into jhi_user_authority (user_id, authority_name) values (?, ?)
Hibernate: select user0_.id as id1_4_, user0_.created_by as created_2_4_, user0_.created_date as created_3_4_, user0_.last_modified_by as last_mod4_4_, user0_.last_modified_date as last_mod5_4_, user0_.activated as activate6_4_, user0_.activation_key as activati7_4_, user0_.email as email8_4_, user0_.first_name as first_na9_4_, user0_.lang_key as lang_ke10_4_, user0_.last_name as last_na11_4_, user0_.login as login12_4_, user0_.password_hash as passwor13_4_, user0_.reset_date as reset_d14_4_, user0_.reset_key as reset_k15_4_ from jhi_user user0_ where user0_.reset_key=?
]]></system-out>
  <system-err><![CDATA[]]></system-err>
</testsuite>
