<?xml version="1.0" encoding="UTF-8"?>
<testsuite name="com.fangzhou.manatee.web.rest.QueueResourceIntTest" tests="6" skipped="0" failures="0" errors="0" timestamp="2016-05-15T22:10:22" hostname="Fangzhous-Mac-mini.local" time="0.422">
  <properties/>
  <testcase name="getNonExistingQueue" classname="com.fangzhou.manatee.web.rest.QueueResourceIntTest" time="0.033"/>
  <testcase name="deleteQueue" classname="com.fangzhou.manatee.web.rest.QueueResourceIntTest" time="0.057"/>
  <testcase name="updateQueue" classname="com.fangzhou.manatee.web.rest.QueueResourceIntTest" time="0.09"/>
  <testcase name="createQueue" classname="com.fangzhou.manatee.web.rest.QueueResourceIntTest" time="0.047"/>
  <testcase name="getAllQueues" classname="com.fangzhou.manatee.web.rest.QueueResourceIntTest" time="0.019"/>
  <testcase name="getQueue" classname="com.fangzhou.manatee.web.rest.QueueResourceIntTest" time="0.016"/>
  <system-out><![CDATA[2016-05-15 17:10:22.848 DEBUG 19584 --- [    Test worker] c.f.manatee.web.rest.QueueResource       : REST request to get Queue : 9223372036854775807
Hibernate: select queue0_.id as id1_8_0_, queue0_.created_by as created_2_8_0_, queue0_.created_date as created_3_8_0_, queue0_.last_modified_by as last_mod4_8_0_, queue0_.last_modified_date as last_mod5_8_0_, queue0_.patient_id as patient_9_8_0_, queue0_.status as status6_8_0_, queue0_.team_id as team_id10_8_0_, queue0_.timestamp_final as timestam7_8_0_, queue0_.timestamp_initial as timestam8_8_0_, patient1_.id as id1_7_1_, patient1_.created_by as created_2_7_1_, patient1_.created_date as created_3_7_1_, patient1_.last_modified_by as last_mod4_7_1_, patient1_.last_modified_date as last_mod5_7_1_, patient1_.age as age6_7_1_, patient1_.condition_desciption as conditio7_7_1_, patient1_.deadline as deadline8_7_1_, patient1_.medical_referral_id as medical_9_7_1_, patient1_.name as name10_7_1_, patient1_.priority as priorit11_7_1_, patient1_.referral_source_id as referra12_7_1_, referralso2_.id as id1_9_2_, referralso2_.created_by as created_2_9_2_, referralso2_.created_date as created_3_9_2_, referralso2_.last_modified_by as last_mod4_9_2_, referralso2_.last_modified_date as last_mod5_9_2_, referralso2_.contact as contact6_9_2_, referralso2_.name as name7_9_2_, team3_.id as id1_11_3_, team3_.friday as friday2_11_3_, team3_.max_patients as max_pati3_11_3_, team3_.monday as monday4_11_3_, team3_.name as name5_11_3_, team3_.organization as organiza6_11_3_, team3_.saturday as saturday7_11_3_, team3_.specialty as specialt8_11_3_, team3_.sunday as sunday9_11_3_, team3_.thursday as thursda10_11_3_, team3_.tuesday as tuesday11_11_3_, team3_.wednesday as wednesd12_11_3_ from queue queue0_ left outer join patient patient1_ on queue0_.patient_id=patient1_.id left outer join referral_source referralso2_ on patient1_.referral_source_id=referralso2_.id left outer join team team3_ on queue0_.team_id=team3_.id where queue0_.id=?
Hibernate: insert into queue (id, created_by, created_date, last_modified_by, last_modified_date, patient_id, status, team_id, timestamp_final, timestamp_initial) values (null, ?, ?, ?, ?, ?, ?, ?, ?, ?)
2016-05-15 17:10:22.920 DEBUG 19584 --- [atee-Executor-1] c.f.m.c.a.AsyncEntityAuditEventWriter    : -------------- Post CREATE audit  --------------
Hibernate: insert into jhi_entity_audit_event (id, action, commit_version, entity_id, entity_type, entity_value, modified_by, modified_date) values (null, ?, ?, ?, ?, ?, ?, ?)
Hibernate: select queue0_.id as id1_8_, queue0_.created_by as created_2_8_, queue0_.created_date as created_3_8_, queue0_.last_modified_by as last_mod4_8_, queue0_.last_modified_date as last_mod5_8_, queue0_.patient_id as patient_9_8_, queue0_.status as status6_8_, queue0_.team_id as team_id10_8_, queue0_.timestamp_final as timestam7_8_, queue0_.timestamp_initial as timestam8_8_ from queue queue0_
2016-05-15 17:10:22.933 DEBUG 19584 --- [    Test worker] c.f.manatee.web.rest.QueueResource       : REST request to delete Queue : 1
Hibernate: delete from queue where id=?
2016-05-15 17:10:22.942 DEBUG 19584 --- [atee-Executor-2] c.f.m.c.a.AsyncEntityAuditEventWriter    : -------------- Post DELETE audit  --------------
Hibernate: select queue0_.id as id1_8_, queue0_.created_by as created_2_8_, queue0_.created_date as created_3_8_, queue0_.last_modified_by as last_mod4_8_, queue0_.last_modified_date as last_mod5_8_, queue0_.patient_id as patient_9_8_, queue0_.status as status6_8_, queue0_.team_id as team_id10_8_, queue0_.timestamp_final as timestam7_8_, queue0_.timestamp_initial as timestam8_8_ from queue queue0_
Hibernate: select max(entityaudi0_.commit_version) as col_0_0_ from jhi_entity_audit_event entityaudi0_ where entityaudi0_.entity_type=? and entityaudi0_.entity_id=?
Hibernate: insert into jhi_entity_audit_event (id, action, commit_version, entity_id, entity_type, entity_value, modified_by, modified_date) values (null, ?, ?, ?, ?, ?, ?, ?)
Hibernate: insert into queue (id, created_by, created_date, last_modified_by, last_modified_date, patient_id, status, team_id, timestamp_final, timestamp_initial) values (null, ?, ?, ?, ?, ?, ?, ?, ?, ?)
2016-05-15 17:10:23.001 DEBUG 19584 --- [atee-Executor-1] c.f.m.c.a.AsyncEntityAuditEventWriter    : -------------- Post CREATE audit  --------------
Hibernate: insert into jhi_entity_audit_event (id, action, commit_version, entity_id, entity_type, entity_value, modified_by, modified_date) values (null, ?, ?, ?, ?, ?, ?, ?)
Hibernate: select queue0_.id as id1_8_, queue0_.created_by as created_2_8_, queue0_.created_date as created_3_8_, queue0_.last_modified_by as last_mod4_8_, queue0_.last_modified_date as last_mod5_8_, queue0_.patient_id as patient_9_8_, queue0_.status as status6_8_, queue0_.team_id as team_id10_8_, queue0_.timestamp_final as timestam7_8_, queue0_.timestamp_initial as timestam8_8_ from queue queue0_
2016-05-15 17:10:23.048 DEBUG 19584 --- [    Test worker] c.f.manatee.web.rest.QueueResource       : REST request to update Queue : Queue{id=2, status='BBBBB', timestampInitial='2016-05-15T22:10:22Z[UTC]', timestampFinal='2016-05-15T22:10:22Z[UTC]'}
Hibernate: update queue set created_date=?, last_modified_by=?, last_modified_date=?, patient_id=?, status=?, team_id=?, timestamp_final=?, timestamp_initial=? where id=?
2016-05-15 17:10:23.061 DEBUG 19584 --- [atee-Executor-2] c.f.m.c.a.AsyncEntityAuditEventWriter    : -------------- Post UPDATE audit  --------------
Hibernate: select queue0_.id as id1_8_, queue0_.created_by as created_2_8_, queue0_.created_date as created_3_8_, queue0_.last_modified_by as last_mod4_8_, queue0_.last_modified_date as last_mod5_8_, queue0_.patient_id as patient_9_8_, queue0_.status as status6_8_, queue0_.team_id as team_id10_8_, queue0_.timestamp_final as timestam7_8_, queue0_.timestamp_initial as timestam8_8_ from queue queue0_
Hibernate: select max(entityaudi0_.commit_version) as col_0_0_ from jhi_entity_audit_event entityaudi0_ where entityaudi0_.entity_type=? and entityaudi0_.entity_id=?
Hibernate: insert into jhi_entity_audit_event (id, action, commit_version, entity_id, entity_type, entity_value, modified_by, modified_date) values (null, ?, ?, ?, ?, ?, ?, ?)
Hibernate: select queue0_.id as id1_8_, queue0_.created_by as created_2_8_, queue0_.created_date as created_3_8_, queue0_.last_modified_by as last_mod4_8_, queue0_.last_modified_date as last_mod5_8_, queue0_.patient_id as patient_9_8_, queue0_.status as status6_8_, queue0_.team_id as team_id10_8_, queue0_.timestamp_final as timestam7_8_, queue0_.timestamp_initial as timestam8_8_ from queue queue0_
2016-05-15 17:10:23.146 DEBUG 19584 --- [    Test worker] c.f.manatee.web.rest.QueueResource       : REST request to save Queue : Queue{id=null, status='AAAAA', timestampInitial='1970-01-01T00:00Z[UTC]', timestampFinal='1970-01-01T00:00Z[UTC]'}
Hibernate: insert into queue (id, created_by, created_date, last_modified_by, last_modified_date, patient_id, status, team_id, timestamp_final, timestamp_initial) values (null, ?, ?, ?, ?, ?, ?, ?, ?, ?)
2016-05-15 17:10:23.151 DEBUG 19584 --- [atee-Executor-1] c.f.m.c.a.AsyncEntityAuditEventWriter    : -------------- Post CREATE audit  --------------
Hibernate: select queue0_.id as id1_8_, queue0_.created_by as created_2_8_, queue0_.created_date as created_3_8_, queue0_.last_modified_by as last_mod4_8_, queue0_.last_modified_date as last_mod5_8_, queue0_.patient_id as patient_9_8_, queue0_.status as status6_8_, queue0_.team_id as team_id10_8_, queue0_.timestamp_final as timestam7_8_, queue0_.timestamp_initial as timestam8_8_ from queue queue0_
Hibernate: insert into jhi_entity_audit_event (id, action, commit_version, entity_id, entity_type, entity_value, modified_by, modified_date) values (null, ?, ?, ?, ?, ?, ?, ?)
Hibernate: insert into queue (id, created_by, created_date, last_modified_by, last_modified_date, patient_id, status, team_id, timestamp_final, timestamp_initial) values (null, ?, ?, ?, ?, ?, ?, ?, ?, ?)
2016-05-15 17:10:23.194 DEBUG 19584 --- [atee-Executor-2] c.f.m.c.a.AsyncEntityAuditEventWriter    : -------------- Post CREATE audit  --------------
Hibernate: insert into jhi_entity_audit_event (id, action, commit_version, entity_id, entity_type, entity_value, modified_by, modified_date) values (null, ?, ?, ?, ?, ?, ?, ?)
2016-05-15 17:10:23.196 DEBUG 19584 --- [    Test worker] c.f.manatee.web.rest.QueueResource       : REST request to get all Queues
Hibernate: select queue0_.id as id1_8_, queue0_.created_by as created_2_8_, queue0_.created_date as created_3_8_, queue0_.last_modified_by as last_mod4_8_, queue0_.last_modified_date as last_mod5_8_, queue0_.patient_id as patient_9_8_, queue0_.status as status6_8_, queue0_.team_id as team_id10_8_, queue0_.timestamp_final as timestam7_8_, queue0_.timestamp_initial as timestam8_8_ from queue queue0_
Hibernate: insert into queue (id, created_by, created_date, last_modified_by, last_modified_date, patient_id, status, team_id, timestamp_final, timestamp_initial) values (null, ?, ?, ?, ?, ?, ?, ?, ?, ?)
2016-05-15 17:10:23.240 DEBUG 19584 --- [atee-Executor-1] c.f.m.c.a.AsyncEntityAuditEventWriter    : -------------- Post CREATE audit  --------------
2016-05-15 17:10:23.244 DEBUG 19584 --- [    Test worker] c.f.manatee.web.rest.QueueResource       : REST request to get Queue : 5
Hibernate: insert into jhi_entity_audit_event (id, action, commit_version, entity_id, entity_type, entity_value, modified_by, modified_date) values (null, ?, ?, ?, ?, ?, ?, ?)
]]></system-out>
  <system-err><![CDATA[]]></system-err>
</testsuite>
